<?xml version="1.0" encoding="UTF-8"?>
<!-- Generated by org.testng.reporters.JUnitReportReporter -->
<testsuite skipped="0" hostname="DESKTOP-U1NDI53" name="test.LoginPageTest" tests="1" failures="0" timestamp="2022-04-26T02:26:24 EDT" time="5.086" errors="0">
  <testcase name="LoginTest" time="5.086" classname="test.LoginPageTest"/>
  <system-out/>
</testsuite> <!-- test.LoginPageTest -->
